[2025-08-12 08:32:36] info: Creating database schema...
[2025-08-12 08:32:36] info: Server is running on http://localhost:3006
[2025-08-12 08:32:36] info: Health check available at http://localhost:3006/health
[2025-08-12 08:36:47] info: Creating database schema...
[2025-08-12 08:36:47] info: create branch schema
[2025-08-12 08:36:47] info: branch table already exists. Skipping creation.
[2025-08-12 08:36:47] info: create branchCustomer schema
[2025-08-12 08:36:48] info: Server is running on http://localhost:3006
[2025-08-12 08:36:48] info: Health check available at http://localhost:3006/health
[2025-08-12 09:08:58] info: Creating database schema...
[2025-08-12 09:08:58] info: Creating schema...
[2025-08-12 09:08:58] info: create customer schema
[2025-08-12 09:08:58] info: Schema "yaazoru" already exists.
[2025-08-12 09:08:58] info: create customer schema
[2025-08-12 09:08:58] info: Customer table already exists. Skipping creation.
[2025-08-12 09:08:58] info: create device schema
[2025-08-12 09:08:58] info: device table already exists. Skipping creation.
[2025-08-12 09:08:58] info: create customerDevice schema
[2025-08-12 09:08:58] info: CustomerDevice table already exists. Skipping creation.
[2025-08-12 09:08:58] info: create user schema
[2025-08-12 09:08:58] info: User table already exists. Skipping creation.
[2025-08-12 09:08:58] info: create branch schema
[2025-08-12 09:08:58] info: branch table already exists. Skipping creation.
[2025-08-12 09:08:58] info: create branchCustomer schema
[2025-08-12 09:08:58] info: branchCustomer table already exists. Skipping creation.
[2025-08-12 09:08:58] info: create branchUser schema
[2025-08-12 09:08:58] info: branchUser table already exists. Skipping creation.
[2025-08-12 09:08:58] info: create creditDetails schema
[2025-08-12 09:08:58] info: creditDetails table already exists. Skipping creation.
[2025-08-12 09:08:58] info: create monthlyPayment schema
[2025-08-12 09:08:58] info: monthlyPayment table already exists. Skipping creation.
[2025-08-12 09:08:58] info: create payments schema
[2025-08-12 09:08:58] info: payments table already exists. Skipping creation.
[2025-08-12 09:08:58] info: create item schema
[2025-08-12 09:08:58] info: item table already exists. Skipping creation.
[2025-08-12 09:08:58] info: create paymentCreditLink schema
[2025-08-12 09:08:58] info: paymentCreditLink table already exists. Skipping creation.
[2025-08-12 09:08:58] info: create comments schema
[2025-08-12 09:08:58] info: Comments table already exists. Skipping creation.
[2025-08-12 09:08:58] info: Schema created successfully
[2025-08-12 09:08:58] info: Server is running on http://localhost:3006
[2025-08-12 09:08:58] info: Health check available at http://localhost:3006/health
[2025-08-12 09:10:23] info: Creating database schema...
[2025-08-12 09:10:23] info: Creating schema...
[2025-08-12 09:10:23] info: create customer schema
[2025-08-12 09:10:23] info: Schema "yaazoru" already exists.
[2025-08-12 09:10:23] info: create customer schema
[2025-08-12 09:10:23] info: Customer table already exists. Skipping creation.
[2025-08-12 09:10:23] info: create device schema
[2025-08-12 09:10:23] info: device table already exists. Skipping creation.
[2025-08-12 09:10:23] info: create customerDevice schema
[2025-08-12 09:10:23] info: CustomerDevice table already exists. Skipping creation.
[2025-08-12 09:10:23] info: create user schema
[2025-08-12 09:10:23] info: User table already exists. Skipping creation.
[2025-08-12 09:10:23] info: create branch schema
[2025-08-12 09:10:23] info: branch table already exists. Skipping creation.
[2025-08-12 09:10:23] info: create branchCustomer schema
[2025-08-12 09:10:23] info: branchCustomer table already exists. Skipping creation.
[2025-08-12 09:10:23] info: create branchUser schema
[2025-08-12 09:10:23] info: branchUser table already exists. Skipping creation.
[2025-08-12 09:10:23] info: create creditDetails schema
[2025-08-12 09:10:23] info: creditDetails table already exists. Skipping creation.
[2025-08-12 09:10:23] info: create monthlyPayment schema
[2025-08-12 09:10:23] info: monthlyPayment table already exists. Skipping creation.
[2025-08-12 09:10:23] info: create payments schema
[2025-08-12 09:10:23] info: payments table already exists. Skipping creation.
[2025-08-12 09:10:23] info: create item schema
[2025-08-12 09:10:23] info: item table already exists. Skipping creation.
[2025-08-12 09:10:23] info: create paymentCreditLink schema
[2025-08-12 09:10:23] info: paymentCreditLink table already exists. Skipping creation.
[2025-08-12 09:10:23] info: create comments schema
[2025-08-12 09:10:23] info: Comments table already exists. Skipping creation.
[2025-08-12 09:10:23] info: Schema created successfully
[2025-08-12 09:10:23] info: Server is running on http://localhost:3006
[2025-08-12 09:10:23] info: Health check available at http://localhost:3006/health
[2025-08-19 08:51:05] info: Creating database schema...
[2025-08-19 08:51:05] info: Creating schema...
[2025-08-19 08:51:05] info: create customer schema
[2025-08-19 08:51:05] info: Schema "yaazoru" already exists.
[2025-08-19 08:51:05] info: create customer schema
[2025-08-19 08:51:05] info: Customer table already exists. Skipping creation.
[2025-08-19 08:51:05] info: create device schema
[2025-08-19 08:51:05] info: device table already exists. Skipping creation.
[2025-08-19 08:51:05] info: create customerDevice schema
[2025-08-19 08:51:05] info: CustomerDevice table already exists. Skipping creation.
[2025-08-19 08:51:05] info: create user schema
[2025-08-19 08:51:05] info: User table already exists. Skipping creation.
[2025-08-19 08:51:05] info: create branch schema
[2025-08-19 08:51:05] info: branch table already exists. Skipping creation.
[2025-08-19 08:51:05] info: create branchCustomer schema
[2025-08-19 08:51:05] info: branchCustomer table already exists. Skipping creation.
[2025-08-19 08:51:05] info: create branchUser schema
[2025-08-19 08:51:05] info: branchUser table already exists. Skipping creation.
[2025-08-19 08:51:05] info: create creditDetails schema
[2025-08-19 08:51:05] info: creditDetails table already exists. Skipping creation.
[2025-08-19 08:51:05] info: create monthlyPayment schema
[2025-08-19 08:51:05] info: monthlyPayment table already exists. Skipping creation.
[2025-08-19 08:51:05] info: create payments schema
[2025-08-19 08:51:05] info: payments table already exists. Skipping creation.
[2025-08-19 08:51:05] info: create item schema
[2025-08-19 08:51:05] info: item table already exists. Skipping creation.
[2025-08-19 08:51:05] info: create paymentCreditLink schema
[2025-08-19 08:51:05] info: paymentCreditLink table already exists. Skipping creation.
[2025-08-19 08:51:05] info: create comments schema
[2025-08-19 08:51:05] info: Comments table already exists. Skipping creation.
[2025-08-19 08:51:05] info: Schema created successfully
[2025-08-19 08:51:05] info: Server is running on http://localhost:3006
[2025-08-19 08:51:05] info: Health check available at http://localhost:3006/health
[2025-08-19 08:52:28] info: Creating database schema...
[2025-08-19 08:52:28] info: Creating schema...
[2025-08-19 08:52:28] info: create customer schema
[2025-08-19 08:52:28] info: Schema "yaazoru" already exists.
[2025-08-19 08:52:28] info: create customer schema
[2025-08-19 08:52:28] info: Customer table already exists. Skipping creation.
[2025-08-19 08:52:28] info: create device schema
[2025-08-19 08:52:28] info: device table already exists. Skipping creation.
[2025-08-19 08:52:28] info: create customerDevice schema
[2025-08-19 08:52:28] info: CustomerDevice table already exists. Skipping creation.
[2025-08-19 08:52:28] info: create user schema
[2025-08-19 08:52:28] info: User table already exists. Skipping creation.
[2025-08-19 08:52:28] info: create branch schema
[2025-08-19 08:52:28] info: branch table already exists. Skipping creation.
[2025-08-19 08:52:28] info: create branchCustomer schema
[2025-08-19 08:52:28] info: branchCustomer table already exists. Skipping creation.
[2025-08-19 08:52:28] info: create branchUser schema
[2025-08-19 08:52:28] info: branchUser table already exists. Skipping creation.
[2025-08-19 08:52:28] info: create creditDetails schema
[2025-08-19 08:52:28] info: creditDetails table already exists. Skipping creation.
[2025-08-19 08:52:28] info: create monthlyPayment schema
[2025-08-19 08:52:28] info: monthlyPayment table already exists. Skipping creation.
[2025-08-19 08:52:28] info: create payments schema
[2025-08-19 08:52:28] info: payments table already exists. Skipping creation.
[2025-08-19 08:52:28] info: create item schema
[2025-08-19 08:52:28] info: item table already exists. Skipping creation.
[2025-08-19 08:52:28] info: create paymentCreditLink schema
[2025-08-19 08:52:28] info: paymentCreditLink table already exists. Skipping creation.
[2025-08-19 08:52:28] info: create comments schema
[2025-08-19 08:52:28] info: Comments table already exists. Skipping creation.
[2025-08-19 08:52:28] info: Schema created successfully
[2025-08-19 08:52:28] info: Server is running on http://localhost:3006
[2025-08-19 08:52:28] info: Health check available at http://localhost:3006/health
[2025-08-19 08:53:17] info: Creating database schema...
[2025-08-19 08:53:17] info: Creating schema...
[2025-08-19 08:53:17] info: create customer schema
[2025-08-19 08:53:17] info: Schema "yaazoru" already exists.
[2025-08-19 08:53:17] info: create customer schema
[2025-08-19 08:53:17] info: Customer table already exists. Skipping creation.
[2025-08-19 08:53:17] info: create device schema
[2025-08-19 08:53:17] info: device table already exists. Skipping creation.
[2025-08-19 08:53:17] info: create customerDevice schema
[2025-08-19 08:53:17] info: CustomerDevice table already exists. Skipping creation.
[2025-08-19 08:53:17] info: create user schema
[2025-08-19 08:53:17] info: User table already exists. Skipping creation.
[2025-08-19 08:53:17] info: create branch schema
[2025-08-19 08:53:17] info: branch table already exists. Skipping creation.
[2025-08-19 08:53:17] info: create branchCustomer schema
[2025-08-19 08:53:17] info: branchCustomer table already exists. Skipping creation.
[2025-08-19 08:53:17] info: create branchUser schema
[2025-08-19 08:53:17] info: branchUser table already exists. Skipping creation.
[2025-08-19 08:53:17] info: create creditDetails schema
[2025-08-19 08:53:17] info: creditDetails table already exists. Skipping creation.
[2025-08-19 08:53:17] info: create monthlyPayment schema
[2025-08-19 08:53:17] info: monthlyPayment table already exists. Skipping creation.
[2025-08-19 08:53:17] info: create payments schema
[2025-08-19 08:53:18] info: payments table already exists. Skipping creation.
[2025-08-19 08:53:18] info: create item schema
[2025-08-19 08:53:18] info: item table already exists. Skipping creation.
[2025-08-19 08:53:18] info: create paymentCreditLink schema
[2025-08-19 08:53:18] info: paymentCreditLink table already exists. Skipping creation.
[2025-08-19 08:53:18] info: create comments schema
[2025-08-19 08:53:18] info: Comments table already exists. Skipping creation.
[2025-08-19 08:53:18] info: Schema created successfully
[2025-08-19 08:53:18] info: Server is running on http://localhost:3006
[2025-08-19 08:53:18] info: Health check available at http://localhost:3006/health
[2025-08-19 09:07:16] info: Creating database schema...
[2025-08-19 09:07:16] info: Creating schema...
[2025-08-19 09:07:16] info: create customer schema
[2025-08-19 09:07:17] info: Schema "yaazoru" already exists.
[2025-08-19 09:07:17] info: create customer schema
[2025-08-19 09:07:17] info: Customer table already exists. Skipping creation.
[2025-08-19 09:07:17] info: create device schema
[2025-08-19 09:07:17] info: device table already exists. Skipping creation.
[2025-08-19 09:07:17] info: create customerDevice schema
[2025-08-19 09:07:17] info: CustomerDevice table already exists. Skipping creation.
[2025-08-19 09:07:17] info: create user schema
[2025-08-19 09:07:43] info: Creating database schema...
[2025-08-19 09:07:43] info: Creating schema...
[2025-08-19 09:07:43] info: create customer schema
[2025-08-19 09:07:43] info: Schema "yaazoru" already exists.
[2025-08-19 09:07:43] info: create customer schema
[2025-08-19 09:07:43] info: Customer table already exists. Skipping creation.
[2025-08-19 09:07:43] info: create device schema
[2025-08-19 09:07:43] info: device table already exists. Skipping creation.
[2025-08-19 09:07:43] info: create customerDevice schema
[2025-08-19 09:07:43] info: CustomerDevice table already exists. Skipping creation.
[2025-08-19 09:07:43] info: create user schema
[2025-08-19 09:07:43] info: User table already exists. Skipping creation.
[2025-08-19 09:07:43] info: create branch schema
[2025-08-19 09:07:43] info: branch table already exists. Skipping creation.
[2025-08-19 09:07:43] info: create branchCustomer schema
[2025-08-19 09:07:43] info: branchCustomer table already exists. Skipping creation.
[2025-08-19 09:07:43] info: create branchUser schema
[2025-08-19 09:07:43] info: branchUser table already exists. Skipping creation.
[2025-08-19 09:07:43] info: create creditDetails schema
[2025-08-19 09:07:43] info: creditDetails table already exists. Skipping creation.
[2025-08-19 09:07:43] info: create monthlyPayment schema
[2025-08-19 09:07:43] info: monthlyPayment table already exists. Skipping creation.
[2025-08-19 09:07:43] info: create payments schema
[2025-08-19 09:07:43] info: payments table already exists. Skipping creation.
[2025-08-19 09:07:43] info: create item schema
[2025-08-19 09:07:43] info: item table already exists. Skipping creation.
[2025-08-19 09:07:43] info: create paymentCreditLink schema
[2025-08-19 09:07:43] info: paymentCreditLink table already exists. Skipping creation.
[2025-08-19 09:07:43] info: create comments schema
[2025-08-19 09:07:43] info: Comments table already exists. Skipping creation.
[2025-08-19 09:07:43] info: Schema created successfully
[2025-08-19 09:07:43] info: Server is running on http://localhost:3006
[2025-08-19 09:07:43] info: Health check available at http://localhost:3006/health
[2025-08-19 09:09:33] info: Creating database schema...
[2025-08-19 09:09:33] info: Creating schema...
[2025-08-19 09:09:33] info: create customer schema
[2025-08-19 09:09:34] info: Schema "yaazoru" already exists.
[2025-08-19 09:09:34] info: create customer schema
[2025-08-19 09:09:34] info: Customer table already exists. Skipping creation.
[2025-08-19 09:09:34] info: create device schema
[2025-08-19 09:09:34] info: device table already exists. Skipping creation.
[2025-08-19 09:09:34] info: create customerDevice schema
[2025-08-19 09:09:34] info: CustomerDevice table already exists. Skipping creation.
[2025-08-19 09:09:34] info: create user schema
[2025-08-19 09:09:34] info: User table already exists. Skipping creation.
[2025-08-19 09:09:34] info: create branch schema
[2025-08-19 09:09:34] info: branch table already exists. Skipping creation.
[2025-08-19 09:09:34] info: create branchCustomer schema
[2025-08-19 09:09:34] info: branchCustomer table already exists. Skipping creation.
[2025-08-19 09:09:34] info: create branchUser schema
[2025-08-19 09:09:34] info: branchUser table already exists. Skipping creation.
[2025-08-19 09:09:34] info: create creditDetails schema
[2025-08-19 09:09:34] info: creditDetails table already exists. Skipping creation.
[2025-08-19 09:09:34] info: create monthlyPayment schema
[2025-08-19 09:09:34] info: monthlyPayment table already exists. Skipping creation.
[2025-08-19 09:09:34] info: create payments schema
[2025-08-19 09:09:34] info: payments table already exists. Skipping creation.
[2025-08-19 09:09:34] info: create item schema
[2025-08-19 09:09:34] info: item table already exists. Skipping creation.
[2025-08-19 09:09:34] info: create paymentCreditLink schema
[2025-08-19 09:09:34] info: paymentCreditLink table already exists. Skipping creation.
[2025-08-19 09:09:34] info: create comments schema
[2025-08-19 09:09:34] info: Comments table already exists. Skipping creation.
[2025-08-19 09:09:34] info: Schema created successfully
[2025-08-19 09:09:34] info: Server is running on http://localhost:3006
[2025-08-19 09:09:34] info: Health check available at http://localhost:3006/health
[2025-08-19 09:17:10] info: Creating database schema...
[2025-08-19 09:17:10] info: Creating schema...
[2025-08-19 09:17:10] info: create customer schema
[2025-08-19 09:17:10] info: Schema "yaazoru" already exists.
[2025-08-19 09:17:10] info: create customer schema
[2025-08-19 09:17:10] info: Customer table already exists. Skipping creation.
[2025-08-19 09:17:10] info: create device schema
[2025-08-19 09:17:10] info: device table already exists. Skipping creation.
[2025-08-19 09:17:10] info: create customerDevice schema
[2025-08-19 09:17:10] info: CustomerDevice table already exists. Skipping creation.
[2025-08-19 09:17:10] info: create user schema
[2025-08-19 09:17:10] info: User table already exists. Skipping creation.
[2025-08-19 09:17:10] info: create branch schema
[2025-08-19 09:17:10] info: branch table already exists. Skipping creation.
[2025-08-19 09:17:10] info: create branchCustomer schema
[2025-08-19 09:17:10] info: branchCustomer table already exists. Skipping creation.
[2025-08-19 09:17:10] info: create branchUser schema
[2025-08-19 09:17:10] info: branchUser table already exists. Skipping creation.
[2025-08-19 09:17:10] info: create creditDetails schema
[2025-08-19 09:17:10] info: creditDetails table already exists. Skipping creation.
[2025-08-19 09:17:10] info: create monthlyPayment schema
[2025-08-19 09:17:10] info: monthlyPayment table already exists. Skipping creation.
[2025-08-19 09:17:10] info: create payments schema
[2025-08-19 09:17:10] info: payments table already exists. Skipping creation.
[2025-08-19 09:17:10] info: create item schema
[2025-08-19 09:17:10] info: item table already exists. Skipping creation.
[2025-08-19 09:17:10] info: create paymentCreditLink schema
[2025-08-19 09:17:10] info: paymentCreditLink table already exists. Skipping creation.
[2025-08-19 09:17:10] info: create comments schema
[2025-08-19 09:17:10] info: Comments table already exists. Skipping creation.
[2025-08-19 09:17:10] info: Schema created successfully
[2025-08-19 09:17:10] info: Server is running on http://localhost:3006
[2025-08-19 09:17:10] info: Health check available at http://localhost:3006/health
[2025-08-19 09:29:13] info: Creating database schema...
[2025-08-19 09:29:13] info: Creating schema...
[2025-08-19 09:29:13] info: create customer schema
[2025-08-19 09:29:13] info: Schema "yaazoru" already exists.
[2025-08-19 09:29:13] info: create customer schema
[2025-08-19 09:29:13] info: Customer table already exists. Skipping creation.
[2025-08-19 09:29:13] info: create device schema
[2025-08-19 09:29:13] info: device table already exists. Skipping creation.
[2025-08-19 09:29:13] info: create customerDevice schema
[2025-08-19 09:29:13] info: CustomerDevice table already exists. Skipping creation.
[2025-08-19 09:29:13] info: create user schema
[2025-08-19 09:29:13] info: User table already exists. Skipping creation.
[2025-08-19 09:29:13] info: create branch schema
[2025-08-19 09:29:13] info: branch table already exists. Skipping creation.
[2025-08-19 09:29:13] info: create branchCustomer schema
[2025-08-19 09:29:13] info: branchCustomer table already exists. Skipping creation.
[2025-08-19 09:29:13] info: create branchUser schema
[2025-08-19 09:29:13] info: branchUser table already exists. Skipping creation.
[2025-08-19 09:29:13] info: create creditDetails schema
[2025-08-19 09:29:13] info: creditDetails table already exists. Skipping creation.
[2025-08-19 09:29:13] info: create monthlyPayment schema
[2025-08-19 09:29:13] info: monthlyPayment table already exists. Skipping creation.
[2025-08-19 09:29:13] info: create payments schema
[2025-08-19 09:29:13] info: payments table already exists. Skipping creation.
[2025-08-19 09:29:13] info: create item schema
[2025-08-19 09:29:13] info: item table already exists. Skipping creation.
[2025-08-19 09:29:13] info: create paymentCreditLink schema
[2025-08-19 09:29:13] info: paymentCreditLink table already exists. Skipping creation.
[2025-08-19 09:29:13] info: create comments schema
[2025-08-19 09:29:13] info: Comments table already exists. Skipping creation.
[2025-08-19 09:29:13] info: Schema created successfully
[2025-08-19 09:29:13] info: Server is running on http://localhost:3006
[2025-08-19 09:29:13] info: Health check available at http://localhost:3006/health
[2025-08-19 09:30:22] info: Creating database schema...
[2025-08-19 09:30:22] info: Creating schema...
[2025-08-19 09:30:22] info: create customer schema
[2025-08-19 09:30:23] info: Schema "yaazoru" already exists.
[2025-08-19 09:30:23] info: create customer schema
[2025-08-19 09:30:23] info: Customer table already exists. Skipping creation.
[2025-08-19 09:30:23] info: create device schema
[2025-08-19 09:30:23] info: device table already exists. Skipping creation.
[2025-08-19 09:30:23] info: create customerDevice schema
[2025-08-19 09:30:23] info: CustomerDevice table already exists. Skipping creation.
[2025-08-19 09:30:23] info: create user schema
[2025-08-19 09:30:23] info: User table already exists. Skipping creation.
[2025-08-19 09:30:23] info: create branch schema
[2025-08-19 09:30:23] info: branch table already exists. Skipping creation.
[2025-08-19 09:30:23] info: create branchCustomer schema
[2025-08-19 09:30:23] info: branchCustomer table already exists. Skipping creation.
[2025-08-19 09:30:23] info: create branchUser schema
[2025-08-19 09:30:23] info: branchUser table already exists. Skipping creation.
[2025-08-19 09:30:23] info: create creditDetails schema
[2025-08-19 09:30:23] info: creditDetails table already exists. Skipping creation.
[2025-08-19 09:30:23] info: create monthlyPayment schema
[2025-08-19 09:30:23] info: monthlyPayment table already exists. Skipping creation.
[2025-08-19 09:30:23] info: create payments schema
[2025-08-19 09:30:23] info: payments table already exists. Skipping creation.
[2025-08-19 09:30:23] info: create item schema
[2025-08-19 09:30:23] info: item table already exists. Skipping creation.
[2025-08-19 09:30:23] info: create paymentCreditLink schema
[2025-08-19 09:30:23] info: paymentCreditLink table already exists. Skipping creation.
[2025-08-19 09:30:23] info: create comments schema
[2025-08-19 09:30:23] info: Comments table already exists. Skipping creation.
[2025-08-19 09:30:23] info: Schema created successfully
[2025-08-19 09:30:23] info: Server is running on http://localhost:3006
[2025-08-19 09:30:23] info: Health check available at http://localhost:3006/health
[2025-08-19 09:34:06] info: Creating database schema...
[2025-08-19 09:34:06] info: Creating schema...
[2025-08-19 09:34:06] info: create customer schema
[2025-08-19 09:34:06] info: Schema "yaazoru" already exists.
[2025-08-19 09:34:06] info: create customer schema
[2025-08-19 09:34:06] info: Customer table already exists. Skipping creation.
[2025-08-19 09:34:06] info: create device schema
[2025-08-19 09:34:06] info: device table already exists. Skipping creation.
[2025-08-19 09:34:06] info: create customerDevice schema
[2025-08-19 09:34:06] info: CustomerDevice table already exists. Skipping creation.
[2025-08-19 09:34:06] info: create user schema
[2025-08-19 09:34:06] info: User table already exists. Skipping creation.
[2025-08-19 09:34:06] info: create branch schema
[2025-08-19 09:34:06] info: branch table already exists. Skipping creation.
[2025-08-19 09:34:06] info: create branchCustomer schema
[2025-08-19 09:34:06] info: branchCustomer table already exists. Skipping creation.
[2025-08-19 09:34:06] info: create branchUser schema
[2025-08-19 09:34:06] info: branchUser table already exists. Skipping creation.
[2025-08-19 09:34:06] info: create creditDetails schema
[2025-08-19 09:34:06] info: creditDetails table already exists. Skipping creation.
[2025-08-19 09:34:06] info: create monthlyPayment schema
[2025-08-19 09:34:06] info: monthlyPayment table already exists. Skipping creation.
[2025-08-19 09:34:06] info: create payments schema
[2025-08-19 09:34:06] info: payments table already exists. Skipping creation.
[2025-08-19 09:34:06] info: create item schema
[2025-08-19 09:34:06] info: item table already exists. Skipping creation.
[2025-08-19 09:34:06] info: create paymentCreditLink schema
[2025-08-19 09:34:06] info: paymentCreditLink table already exists. Skipping creation.
[2025-08-19 09:34:06] info: create comments schema
[2025-08-19 09:34:06] info: Comments table already exists. Skipping creation.
[2025-08-19 09:34:06] info: Schema created successfully
[2025-08-19 09:34:06] info: Server is running on http://localhost:3006
[2025-08-19 09:34:06] info: Health check available at http://localhost:3006/health
[2025-08-19 09:36:00] info: Creating database schema...
[2025-08-19 09:36:00] info: Creating schema...
[2025-08-19 09:36:01] info: create customer schema
[2025-08-19 09:36:01] info: Schema "yaazoru" already exists.
[2025-08-19 09:36:01] info: create customer schema
[2025-08-19 09:36:01] info: Customer table already exists. Skipping creation.
[2025-08-19 09:36:01] info: create device schema
[2025-08-19 09:36:01] info: device table already exists. Skipping creation.
[2025-08-19 09:36:01] info: create customerDevice schema
[2025-08-19 09:36:01] info: CustomerDevice table already exists. Skipping creation.
[2025-08-19 09:36:01] info: create user schema
[2025-08-19 09:36:01] info: User table already exists. Skipping creation.
[2025-08-19 09:36:01] info: create branch schema
[2025-08-19 09:36:01] info: branch table already exists. Skipping creation.
[2025-08-19 09:36:01] info: create branchCustomer schema
[2025-08-19 09:36:01] info: branchCustomer table already exists. Skipping creation.
[2025-08-19 09:36:01] info: create branchUser schema
[2025-08-19 09:36:01] info: branchUser table already exists. Skipping creation.
[2025-08-19 09:36:01] info: create creditDetails schema
[2025-08-19 09:36:01] info: creditDetails table already exists. Skipping creation.
[2025-08-19 09:36:01] info: create monthlyPayment schema
[2025-08-19 09:36:01] info: monthlyPayment table already exists. Skipping creation.
[2025-08-19 09:36:01] info: create payments schema
[2025-08-19 09:36:01] info: payments table already exists. Skipping creation.
[2025-08-19 09:36:01] info: create item schema
[2025-08-19 09:36:01] info: item table already exists. Skipping creation.
[2025-08-19 09:36:01] info: create paymentCreditLink schema
[2025-08-19 09:36:01] info: paymentCreditLink table already exists. Skipping creation.
[2025-08-19 09:36:01] info: create comments schema
[2025-08-19 09:36:01] info: Comments table already exists. Skipping creation.
[2025-08-19 09:36:01] info: Schema created successfully
[2025-08-19 09:36:01] info: Server is running on http://localhost:3006
[2025-08-19 09:36:01] info: Health check available at http://localhost:3006/health
[2025-08-19 09:36:47] info: getCustomers called
[2025-08-19 09:36:47] info: getCustomers success
[2025-08-19 09:36:47] info: getCustomers called
[2025-08-19 09:36:47] info: getCustomers success
[2025-08-19 09:36:47] info: getCities called
[2025-08-19 09:36:47] info: getCities success
[2025-08-19 09:36:47] info: getCities called
[2025-08-19 09:36:47] info: getCities success
[2025-08-19 09:37:42] info: getCustomerById called
[2025-08-19 09:37:42] info: getCustomerById success
[2025-08-19 09:37:42] info: getCustomerById called
[2025-08-19 09:37:42] info: getCustomerById success
[2025-08-19 09:38:10] info: getCustomers called
[2025-08-19 09:38:10] info: getCustomers success
[2025-08-19 09:38:10] info: getCustomers called
[2025-08-19 09:38:10] info: getCustomers success
[2025-08-19 09:38:10] info: getCities called
[2025-08-19 09:38:10] info: getCities success
[2025-08-19 09:38:10] info: getCities called
[2025-08-19 09:38:10] info: getCities success
[2025-08-19 09:39:58] info: Creating database schema...
[2025-08-19 09:39:58] info: Creating schema...
[2025-08-19 09:39:58] info: create customer schema
[2025-08-19 09:39:59] info: Schema "yaazoru" already exists.
[2025-08-19 09:39:59] info: create customer schema
[2025-08-19 09:39:59] info: Customer table already exists. Skipping creation.
[2025-08-19 09:39:59] info: create device schema
[2025-08-19 09:39:59] info: device table already exists. Skipping creation.
[2025-08-19 09:39:59] info: create customerDevice schema
[2025-08-19 09:39:59] info: CustomerDevice table already exists. Skipping creation.
[2025-08-19 09:39:59] info: create user schema
[2025-08-19 09:39:59] info: User table already exists. Skipping creation.
[2025-08-19 09:39:59] info: create branch schema
[2025-08-19 09:39:59] info: branch table already exists. Skipping creation.
[2025-08-19 09:39:59] info: create branchCustomer schema
[2025-08-19 09:39:59] info: branchCustomer table already exists. Skipping creation.
[2025-08-19 09:39:59] info: create branchUser schema
[2025-08-19 09:39:59] info: branchUser table already exists. Skipping creation.
[2025-08-19 09:39:59] info: create creditDetails schema
[2025-08-19 09:39:59] info: creditDetails table already exists. Skipping creation.
[2025-08-19 09:39:59] info: create monthlyPayment schema
[2025-08-19 09:39:59] info: monthlyPayment table already exists. Skipping creation.
[2025-08-19 09:39:59] info: create payments schema
[2025-08-19 09:39:59] info: payments table already exists. Skipping creation.
[2025-08-19 09:39:59] info: create item schema
[2025-08-19 09:39:59] info: item table already exists. Skipping creation.
[2025-08-19 09:39:59] info: create paymentCreditLink schema
[2025-08-19 09:39:59] info: paymentCreditLink table already exists. Skipping creation.
[2025-08-19 09:39:59] info: create comments schema
[2025-08-19 09:39:59] info: Comments table already exists. Skipping creation.
[2025-08-19 09:39:59] info: Schema created successfully
[2025-08-19 09:39:59] info: Server is running on http://localhost:3006
[2025-08-19 09:39:59] info: Health check available at http://localhost:3006/health
[2025-08-19 09:40:16] info: getCustomers called
[2025-08-19 09:40:16] info: getCustomers success
[2025-08-19 09:40:16] info: getCustomers called
[2025-08-19 09:40:16] info: getCustomers success
[2025-08-19 09:40:17] info: getCities called
[2025-08-19 09:40:17] info: getCities success
[2025-08-19 09:40:17] info: getCities called
[2025-08-19 09:40:17] info: getCities success
[2025-08-19 09:41:53] info: createCustomer called
[2025-08-19 09:41:53] info: Customer created successfully
[2025-08-19 09:41:57] info: getCustomers called
[2025-08-19 09:41:57] info: getCustomers success
[2025-08-19 09:41:57] info: getCustomers called
[2025-08-19 09:41:57] info: getCustomers success
[2025-08-19 09:41:58] info: getCities called
[2025-08-19 09:41:58] info: getCities success
[2025-08-19 09:41:58] info: getCities called
[2025-08-19 09:41:58] info: getCities success
[2025-08-19 09:44:53] info: Creating database schema... {"service":"yaazoru-backend"}
[2025-08-19 09:44:53] info: Creating schema... {"service":"yaazoru-backend"}
[2025-08-19 09:44:53] info: create customer schema {"service":"yaazoru-backend"}
[2025-08-19 09:44:53] info: Schema "yaazoru" already exists. {"service":"yaazoru-backend"}
[2025-08-19 09:44:53] info: create customer schema {"service":"yaazoru-backend"}
[2025-08-19 09:44:53] info: Customer table already exists. Skipping creation. {"service":"yaazoru-backend"}
[2025-08-19 09:44:53] info: create device schema {"service":"yaazoru-backend"}
[2025-08-19 09:44:53] info: device table already exists. Skipping creation. {"service":"yaazoru-backend"}
[2025-08-19 09:44:53] info: create customerDevice schema {"service":"yaazoru-backend"}
[2025-08-19 09:44:53] info: CustomerDevice table already exists. Skipping creation. {"service":"yaazoru-backend"}
[2025-08-19 09:44:53] info: create user schema {"service":"yaazoru-backend"}
[2025-08-19 09:44:53] info: User table already exists. Skipping creation. {"service":"yaazoru-backend"}
[2025-08-19 09:44:53] info: create branch schema {"service":"yaazoru-backend"}
[2025-08-19 09:44:53] info: branch table already exists. Skipping creation. {"service":"yaazoru-backend"}
[2025-08-19 09:44:53] info: create branchCustomer schema {"service":"yaazoru-backend"}
[2025-08-19 09:44:53] info: branchCustomer table already exists. Skipping creation. {"service":"yaazoru-backend"}
[2025-08-19 09:44:53] info: create branchUser schema {"service":"yaazoru-backend"}
[2025-08-19 09:44:53] info: branchUser table already exists. Skipping creation. {"service":"yaazoru-backend"}
[2025-08-19 09:44:53] info: create creditDetails schema {"service":"yaazoru-backend"}
[2025-08-19 09:44:53] info: creditDetails table already exists. Skipping creation. {"service":"yaazoru-backend"}
[2025-08-19 09:44:53] info: create monthlyPayment schema {"service":"yaazoru-backend"}
[2025-08-19 09:44:53] info: monthlyPayment table already exists. Skipping creation. {"service":"yaazoru-backend"}
[2025-08-19 09:44:53] info: create payments schema {"service":"yaazoru-backend"}
[2025-08-19 09:44:53] info: payments table already exists. Skipping creation. {"service":"yaazoru-backend"}
[2025-08-19 09:44:53] info: create item schema {"service":"yaazoru-backend"}
[2025-08-19 09:44:53] info: item table already exists. Skipping creation. {"service":"yaazoru-backend"}
[2025-08-19 09:44:53] info: create paymentCreditLink schema {"service":"yaazoru-backend"}
[2025-08-19 09:44:53] info: paymentCreditLink table already exists. Skipping creation. {"service":"yaazoru-backend"}
[2025-08-19 09:44:53] info: create comments schema {"service":"yaazoru-backend"}
[2025-08-19 09:44:53] info: Comments table already exists. Skipping creation. {"service":"yaazoru-backend"}
[2025-08-19 09:44:53] info: Schema created successfully {"service":"yaazoru-backend"}
[2025-08-19 09:44:53] info: Server is running on http://localhost:3006 {"service":"yaazoru-backend"}
[2025-08-19 09:44:53] info: Health check available at http://localhost:3006/health {"service":"yaazoru-backend"}
[2025-08-19 09:46:24] info: createCustomer called {"service":"yaazoru-backend","body":{"customer_id":"","first_name":"ועיו","last_name":"וטע7ו","id_number":"456987123","email":"2656@gmail.com","phone_number":"058796587","additional_phone":"","city":"ihji","address1":"i8yh8ug","address2":"","zipCode":"2222","status":"","created_at":"2025-08-19T09:46:24.749Z","updated_at":"2025-08-19T09:46:24.749Z"}}
[2025-08-19 09:46:24] error: Error in createCustomer {"service":"yaazoru-backend","error":"Invalid or missing \"phone_number\". It must be a number between 9 and 15 digits."}
[2025-08-19 09:46:24] error: Error occurred: Invalid or missing "phone_number". It must be a number between 9 and 15 digits. {"service":"yaazoru-backend","url":"/controller/customer","method":"POST","ip":"::ffff:172.21.0.1"}
[2025-08-19 09:47:09] info: createCustomer called {"service":"yaazoru-backend","body":{"customer_id":"","first_name":"ועיו","last_name":"וטע7ו","id_number":"456987123","email":"2656@gmail.com","phone_number":"0533578965","additional_phone":"","city":"ihji","address1":"i8yh8ug","address2":"","zipCode":"2222","status":"","created_at":"2025-08-19T09:47:09.406Z","updated_at":"2025-08-19T09:47:09.406Z"}}
[2025-08-19 09:47:09] debug: [DB] Searching for existing customer {"service":"yaazoru-backend","criteria":{"email":"2656@gmail.com","id_number":"456987123"}}
[2025-08-19 09:47:09] debug: [DB] Creating customer in database {"service":"yaazoru-backend","email":"2656@gmail.com"}
[2025-08-19 09:47:09] debug: [DB] Customer created successfully {"service":"yaazoru-backend","customer_id":194}
[2025-08-19 09:47:09] info: Customer created successfully {"service":"yaazoru-backend"}
[2025-08-19 09:47:11] info: getCustomers called {"service":"yaazoru-backend","page":1,"offset":0}
[2025-08-19 09:47:11] debug: [DB] Fetching customers from database {"service":"yaazoru-backend","offset":0,"limit":50}
[2025-08-19 09:47:11] info: getCustomers success {"service":"yaazoru-backend","count":50,"total":194}
[2025-08-19 09:47:11] info: getCustomers called {"service":"yaazoru-backend","page":1,"offset":0}
[2025-08-19 09:47:11] debug: [DB] Fetching customers from database {"service":"yaazoru-backend","offset":0,"limit":50}
[2025-08-19 09:47:12] info: getCustomers success {"service":"yaazoru-backend","count":50,"total":194}
[2025-08-19 09:47:12] info: getCities called {"service":"yaazoru-backend"}
[2025-08-19 09:47:12] debug: [DB] Retrieved unique cities {"service":"yaazoru-backend","count":30}
[2025-08-19 09:47:12] info: getCities success {"service":"yaazoru-backend","count":30}
[2025-08-19 09:47:12] info: getCities called {"service":"yaazoru-backend"}
[2025-08-19 09:47:12] debug: [DB] Retrieved unique cities {"service":"yaazoru-backend","count":30}
[2025-08-19 09:47:12] info: getCities success {"service":"yaazoru-backend","count":30}
[2025-08-19 09:48:05] info: createCustomer called {"service":"yaazoru-backend","body":{"customer_id":"","first_name":"5265","last_name":"154","id_number":"458262623","email":"5798@gmail.com","phone_number":"5462656554","additional_phone":"","city":"6+63","address1":"5449","address2":"","zipCode":"2222","status":"","created_at":"2025-08-19T09:48:05.251Z","updated_at":"2025-08-19T09:48:05.251Z"}}
[2025-08-19 09:48:05] debug: [DB] Searching for existing customer {"service":"yaazoru-backend","criteria":{"email":"5798@gmail.com","id_number":"458262623"}}
[2025-08-19 09:48:05] debug: [DB] Creating customer in database {"service":"yaazoru-backend","email":"5798@gmail.com"}
[2025-08-19 09:48:05] debug: [DB] Customer created successfully {"service":"yaazoru-backend","customer_id":195}
[2025-08-19 09:48:05] info: Customer created successfully {"service":"yaazoru-backend"}
[2025-08-19 09:48:11] info: getCustomers called {"service":"yaazoru-backend","page":1,"offset":0}
[2025-08-19 09:48:11] debug: [DB] Fetching customers from database {"service":"yaazoru-backend","offset":0,"limit":50}
[2025-08-19 09:48:11] info: getCustomers success {"service":"yaazoru-backend","count":50,"total":195}
[2025-08-19 09:48:11] info: getCustomers called {"service":"yaazoru-backend","page":1,"offset":0}
[2025-08-19 09:48:11] debug: [DB] Fetching customers from database {"service":"yaazoru-backend","offset":0,"limit":50}
[2025-08-19 09:48:11] info: getCustomers success {"service":"yaazoru-backend","count":50,"total":195}
[2025-08-19 09:48:12] info: getCities called {"service":"yaazoru-backend"}
[2025-08-19 09:48:12] debug: [DB] Retrieved unique cities {"service":"yaazoru-backend","count":31}
[2025-08-19 09:48:12] info: getCities success {"service":"yaazoru-backend","count":31}
[2025-08-19 09:48:12] info: getCities called {"service":"yaazoru-backend"}
[2025-08-19 09:48:12] debug: [DB] Retrieved unique cities {"service":"yaazoru-backend","count":31}
[2025-08-19 09:48:12] info: getCities success {"service":"yaazoru-backend","count":31}
[2025-08-19 09:48:45] info: Creating database schema... {"service":"yaazoru-backend"}
[2025-08-19 09:48:45] info: Creating schema... {"service":"yaazoru-backend"}
[2025-08-19 09:48:45] info: create customer schema {"service":"yaazoru-backend"}
[2025-08-19 09:48:45] info: Schema "yaazoru" already exists. {"service":"yaazoru-backend"}
[2025-08-19 09:48:45] info: create customer schema {"service":"yaazoru-backend"}
[2025-08-19 09:48:45] info: Customer table already exists. Skipping creation. {"service":"yaazoru-backend"}
[2025-08-19 09:48:45] info: create device schema {"service":"yaazoru-backend"}
[2025-08-19 09:48:45] info: device table already exists. Skipping creation. {"service":"yaazoru-backend"}
[2025-08-19 09:48:45] info: create customerDevice schema {"service":"yaazoru-backend"}
[2025-08-19 09:48:45] info: CustomerDevice table already exists. Skipping creation. {"service":"yaazoru-backend"}
[2025-08-19 09:48:45] info: create user schema {"service":"yaazoru-backend"}
[2025-08-19 09:48:45] info: User table already exists. Skipping creation. {"service":"yaazoru-backend"}
[2025-08-19 09:48:45] info: create branch schema {"service":"yaazoru-backend"}
[2025-08-19 09:48:45] info: branch table already exists. Skipping creation. {"service":"yaazoru-backend"}
[2025-08-19 09:48:45] info: create branchCustomer schema {"service":"yaazoru-backend"}
[2025-08-19 09:48:45] info: branchCustomer table already exists. Skipping creation. {"service":"yaazoru-backend"}
[2025-08-19 09:48:45] info: create branchUser schema {"service":"yaazoru-backend"}
[2025-08-19 09:48:45] info: branchUser table already exists. Skipping creation. {"service":"yaazoru-backend"}
[2025-08-19 09:48:45] info: create creditDetails schema {"service":"yaazoru-backend"}
[2025-08-19 09:48:45] info: creditDetails table already exists. Skipping creation. {"service":"yaazoru-backend"}
[2025-08-19 09:48:45] info: create monthlyPayment schema {"service":"yaazoru-backend"}
[2025-08-19 09:48:45] info: monthlyPayment table already exists. Skipping creation. {"service":"yaazoru-backend"}
[2025-08-19 09:48:45] info: create payments schema {"service":"yaazoru-backend"}
[2025-08-19 09:48:45] info: payments table already exists. Skipping creation. {"service":"yaazoru-backend"}
[2025-08-19 09:48:45] info: create item schema {"service":"yaazoru-backend"}
[2025-08-19 09:48:45] info: item table already exists. Skipping creation. {"service":"yaazoru-backend"}
[2025-08-19 09:48:45] info: create paymentCreditLink schema {"service":"yaazoru-backend"}
[2025-08-19 09:48:45] info: paymentCreditLink table already exists. Skipping creation. {"service":"yaazoru-backend"}
[2025-08-19 09:48:45] info: create comments schema {"service":"yaazoru-backend"}
[2025-08-19 09:48:45] info: Comments table already exists. Skipping creation. {"service":"yaazoru-backend"}
[2025-08-19 09:48:45] info: Schema created successfully {"service":"yaazoru-backend"}
[2025-08-19 09:48:45] info: Server is running on http://localhost:3006 {"service":"yaazoru-backend"}
[2025-08-19 09:48:45] info: Health check available at http://localhost:3006/health {"service":"yaazoru-backend"}
[2025-08-19 09:52:11] info: Creating database schema... {"service":"yaazoru-backend"}
[2025-08-19 09:52:11] info: Creating schema... {"service":"yaazoru-backend"}
[2025-08-19 09:52:11] info: create customer schema {"service":"yaazoru-backend"}
[2025-08-19 09:52:11] info: Schema "yaazoru" already exists. {"service":"yaazoru-backend"}
[2025-08-19 09:52:11] info: create customer schema {"service":"yaazoru-backend"}
[2025-08-19 09:52:11] info: Customer table already exists. Skipping creation. {"service":"yaazoru-backend"}
[2025-08-19 09:52:11] info: create device schema {"service":"yaazoru-backend"}
[2025-08-19 09:52:11] info: device table already exists. Skipping creation. {"service":"yaazoru-backend"}
[2025-08-19 09:52:11] info: create customerDevice schema {"service":"yaazoru-backend"}
[2025-08-19 09:52:11] info: CustomerDevice table already exists. Skipping creation. {"service":"yaazoru-backend"}
[2025-08-19 09:52:11] info: create user schema {"service":"yaazoru-backend"}
[2025-08-19 09:52:11] info: User table already exists. Skipping creation. {"service":"yaazoru-backend"}
[2025-08-19 09:52:11] info: create branch schema {"service":"yaazoru-backend"}
[2025-08-19 09:52:11] info: branch table already exists. Skipping creation. {"service":"yaazoru-backend"}
[2025-08-19 09:52:11] info: create branchCustomer schema {"service":"yaazoru-backend"}
[2025-08-19 09:52:11] info: branchCustomer table already exists. Skipping creation. {"service":"yaazoru-backend"}
[2025-08-19 09:52:11] info: create branchUser schema {"service":"yaazoru-backend"}
[2025-08-19 09:52:11] info: branchUser table already exists. Skipping creation. {"service":"yaazoru-backend"}
[2025-08-19 09:52:11] info: create creditDetails schema {"service":"yaazoru-backend"}
[2025-08-19 09:52:11] info: creditDetails table already exists. Skipping creation. {"service":"yaazoru-backend"}
[2025-08-19 09:52:11] info: create monthlyPayment schema {"service":"yaazoru-backend"}
[2025-08-19 09:52:11] info: monthlyPayment table already exists. Skipping creation. {"service":"yaazoru-backend"}
[2025-08-19 09:52:11] info: create payments schema {"service":"yaazoru-backend"}
[2025-08-19 09:52:11] info: payments table already exists. Skipping creation. {"service":"yaazoru-backend"}
[2025-08-19 09:52:11] info: create item schema {"service":"yaazoru-backend"}
[2025-08-19 09:52:11] info: item table already exists. Skipping creation. {"service":"yaazoru-backend"}
[2025-08-19 09:52:11] info: create paymentCreditLink schema {"service":"yaazoru-backend"}
[2025-08-19 09:52:11] info: paymentCreditLink table already exists. Skipping creation. {"service":"yaazoru-backend"}
[2025-08-19 09:52:11] info: create comments schema {"service":"yaazoru-backend"}
[2025-08-19 09:52:11] info: Comments table already exists. Skipping creation. {"service":"yaazoru-backend"}
[2025-08-19 09:52:11] info: Schema created successfully {"service":"yaazoru-backend"}
[2025-08-19 09:52:11] info: Server is running on http://localhost:3006 {"service":"yaazoru-backend"}
[2025-08-19 09:52:11] info: Health check available at http://localhost:3006/health {"service":"yaazoru-backend"}
[2025-08-19 09:58:19] info: getCustomers called {"service":"yaazoru-backend","page":1,"offset":0}
[2025-08-19 09:58:19] debug: [DB] Fetching customers from database {"service":"yaazoru-backend","offset":0,"limit":50}
[2025-08-19 09:58:19] info: getCustomers success {"service":"yaazoru-backend","count":50,"total":195}
[2025-08-19 09:58:19] info: getCustomers called {"service":"yaazoru-backend","page":1,"offset":0}
[2025-08-19 09:58:19] debug: [DB] Fetching customers from database {"service":"yaazoru-backend","offset":0,"limit":50}
[2025-08-19 09:58:19] info: getCustomers success {"service":"yaazoru-backend","count":50,"total":195}
[2025-08-19 10:00:03] info: getCities called {"service":"yaazoru-backend"}
[2025-08-19 10:00:03] debug: [DB] Retrieved unique cities {"service":"yaazoru-backend","count":31}
[2025-08-19 10:00:03] info: getCities success {"service":"yaazoru-backend","count":31}
[2025-08-19 10:00:03] info: getCities called {"service":"yaazoru-backend"}
[2025-08-19 10:00:03] debug: [DB] Retrieved unique cities {"service":"yaazoru-backend","count":31}
[2025-08-19 10:00:03] info: getCities success {"service":"yaazoru-backend","count":31}
[2025-08-19 10:02:37] info: Creating database schema... {"service":"yaazoru-backend"}
[2025-08-19 10:02:37] info: Creating schema... {"service":"yaazoru-backend"}
[2025-08-19 10:02:37] info: create customer schema {"service":"yaazoru-backend"}
[2025-08-19 10:02:38] info: Schema "yaazoru" already exists. {"service":"yaazoru-backend"}
[2025-08-19 10:02:38] info: create customer schema {"service":"yaazoru-backend"}
[2025-08-19 10:02:38] info: Customer table already exists. Skipping creation. {"service":"yaazoru-backend"}
[2025-08-19 10:02:38] info: create device schema {"service":"yaazoru-backend"}
[2025-08-19 10:02:38] info: device table already exists. Skipping creation. {"service":"yaazoru-backend"}
[2025-08-19 10:02:38] info: create customerDevice schema {"service":"yaazoru-backend"}
[2025-08-19 10:02:38] info: CustomerDevice table already exists. Skipping creation. {"service":"yaazoru-backend"}
[2025-08-19 10:02:38] info: create user schema {"service":"yaazoru-backend"}
[2025-08-19 10:02:38] info: User table already exists. Skipping creation. {"service":"yaazoru-backend"}
[2025-08-19 10:02:38] info: create branch schema {"service":"yaazoru-backend"}
[2025-08-19 10:02:38] info: branch table already exists. Skipping creation. {"service":"yaazoru-backend"}
[2025-08-19 10:02:38] info: create branchCustomer schema {"service":"yaazoru-backend"}
[2025-08-19 10:02:38] info: branchCustomer table already exists. Skipping creation. {"service":"yaazoru-backend"}
[2025-08-19 10:02:38] info: create branchUser schema {"service":"yaazoru-backend"}
[2025-08-19 10:02:38] info: branchUser table already exists. Skipping creation. {"service":"yaazoru-backend"}
[2025-08-19 10:02:38] info: create creditDetails schema {"service":"yaazoru-backend"}
[2025-08-19 10:02:38] info: creditDetails table already exists. Skipping creation. {"service":"yaazoru-backend"}
[2025-08-19 10:02:38] info: create monthlyPayment schema {"service":"yaazoru-backend"}
[2025-08-19 10:02:38] info: monthlyPayment table already exists. Skipping creation. {"service":"yaazoru-backend"}
[2025-08-19 10:02:38] info: create payments schema {"service":"yaazoru-backend"}
[2025-08-19 10:02:38] info: payments table already exists. Skipping creation. {"service":"yaazoru-backend"}
[2025-08-19 10:02:38] info: create item schema {"service":"yaazoru-backend"}
[2025-08-19 10:02:38] info: item table already exists. Skipping creation. {"service":"yaazoru-backend"}
[2025-08-19 10:02:38] info: create paymentCreditLink schema {"service":"yaazoru-backend"}
[2025-08-19 10:02:38] info: paymentCreditLink table already exists. Skipping creation. {"service":"yaazoru-backend"}
[2025-08-19 10:02:38] info: create comments schema {"service":"yaazoru-backend"}
[2025-08-19 10:02:38] info: Comments table already exists. Skipping creation. {"service":"yaazoru-backend"}
[2025-08-19 10:02:38] info: Schema created successfully {"service":"yaazoru-backend"}
[2025-08-19 10:02:38] info: Server is running on http://localhost:3006 {"service":"yaazoru-backend"}
[2025-08-19 10:02:38] info: Health check available at http://localhost:3006/health {"service":"yaazoru-backend"}
[2025-08-19 10:06:27] info: Creating database schema... {"service":"yaazoru-backend"}
[2025-08-19 10:06:27] info: Creating schema... {"service":"yaazoru-backend"}
[2025-08-19 10:06:27] info: create customer schema {"service":"yaazoru-backend"}
[2025-08-19 10:06:27] info: Schema "yaazoru" already exists. {"service":"yaazoru-backend"}
[2025-08-19 10:06:27] info: create customer schema {"service":"yaazoru-backend"}
[2025-08-19 10:06:27] info: Customer table already exists. Skipping creation. {"service":"yaazoru-backend"}
[2025-08-19 10:06:27] info: create device schema {"service":"yaazoru-backend"}
[2025-08-19 10:06:27] info: device table already exists. Skipping creation. {"service":"yaazoru-backend"}
[2025-08-19 10:06:27] info: create customerDevice schema {"service":"yaazoru-backend"}
[2025-08-19 10:06:27] info: CustomerDevice table already exists. Skipping creation. {"service":"yaazoru-backend"}
[2025-08-19 10:06:27] info: create user schema {"service":"yaazoru-backend"}
[2025-08-19 10:06:27] info: User table already exists. Skipping creation. {"service":"yaazoru-backend"}
[2025-08-19 10:06:27] info: create branch schema {"service":"yaazoru-backend"}
[2025-08-19 10:06:27] info: branch table already exists. Skipping creation. {"service":"yaazoru-backend"}
[2025-08-19 10:06:27] info: create branchCustomer schema {"service":"yaazoru-backend"}
[2025-08-19 10:06:27] info: branchCustomer table already exists. Skipping creation. {"service":"yaazoru-backend"}
[2025-08-19 10:06:27] info: create branchUser schema {"service":"yaazoru-backend"}
[2025-08-19 10:06:27] info: branchUser table already exists. Skipping creation. {"service":"yaazoru-backend"}
[2025-08-19 10:06:27] info: create creditDetails schema {"service":"yaazoru-backend"}
[2025-08-19 10:06:27] info: creditDetails table already exists. Skipping creation. {"service":"yaazoru-backend"}
[2025-08-19 10:06:27] info: create monthlyPayment schema {"service":"yaazoru-backend"}
[2025-08-19 10:06:27] info: monthlyPayment table already exists. Skipping creation. {"service":"yaazoru-backend"}
[2025-08-19 10:06:27] info: create payments schema {"service":"yaazoru-backend"}
[2025-08-19 10:06:27] info: payments table already exists. Skipping creation. {"service":"yaazoru-backend"}
[2025-08-19 10:06:27] info: create item schema {"service":"yaazoru-backend"}
[2025-08-19 10:06:27] info: item table already exists. Skipping creation. {"service":"yaazoru-backend"}
[2025-08-19 10:06:27] info: create paymentCreditLink schema {"service":"yaazoru-backend"}
[2025-08-19 10:06:27] info: paymentCreditLink table already exists. Skipping creation. {"service":"yaazoru-backend"}
[2025-08-19 10:06:27] info: create comments schema {"service":"yaazoru-backend"}
[2025-08-19 10:06:27] info: Comments table already exists. Skipping creation. {"service":"yaazoru-backend"}
[2025-08-19 10:06:27] info: Schema created successfully {"service":"yaazoru-backend"}
[2025-08-19 10:06:27] info: Server is running on http://localhost:3006 {"service":"yaazoru-backend"}
[2025-08-19 10:06:27] info: Health check available at http://localhost:3006/health {"service":"yaazoru-backend"}
